<?xml version="1.0" encoding="UTF-8"?>
<Site BuildName="(empty)"
	BuildStamp="20241129-0037-Experimental"
	Name="(empty)"
	Generator="ctest-3.28.3"
	CompilerName=""
	CompilerVersion=""
	OSName="Linux"
	Hostname="erik-Vivobook"
	OSRelease="6.8.0-49-generic"
	OSVersion="#49-Ubuntu SMP PREEMPT_DYNAMIC Mon Nov  4 02:06:24 UTC 2024"
	OSPlatform="x86_64"
	Is64Bits="1"
	VendorString="GenuineIntel"
	VendorID="Intel Corporation"
	FamilyID="6"
	ModelID="186"
	ProcessorCacheSize="24576"
	NumberOfLogicalCPU="20"
	NumberOfPhysicalCPU="14"
	TotalVirtualMemory="8191"
	TotalPhysicalMemory="31718"
	LogicalProcessorsPerPhysical="1"
	ProcessorClockFrequency="401.134"
	>
	<Testing>
		<StartDateTime>Nov 28 19:37 EST</StartDateTime>
		<StartTestTime>1732840673</StartTestTime>
		<TestList/>
		<EndDateTime>Nov 28 19:37 EST</EndDateTime>
		<EndTestTime>1732840673</EndTestTime>
		<ElapsedMinutes>0</ElapsedMinutes>
	</Testing>
</Site>
