Start testing: Dec 31 20:37 EST
----------------------------------------------------------
1/1 Testing: AllTests
1/1 Test: AllTests
Command: "/home/erik/VirtualRouter/build/bin/AllTests"
Directory: /home/erik/VirtualRouter/build
"AllTests" start time: Dec 31 20:37 EST
Output:
----------------------------------------------------------
Running main() from gmock_main.cc
[==========] Running 2 tests from 1 test suite.
[----------] Global test environment set-up.
[----------] 2 tests from ConsoleTest
[ RUN      ] ConsoleTest.SetPrompt_ShouldUpdatePromptCorrectly
[       OK ] ConsoleTest.SetPrompt_ShouldUpdatePromptCorrectly (0 ms)
[ RUN      ] ConsoleTest.InitConsole_ShouldClearScreenAndSetPrompt
[       OK ] ConsoleTest.InitConsole_ShouldClearScreenAndSetPrompt (0 ms)
[----------] 2 tests from ConsoleTest (0 ms total)

[----------] Global test environment tear-down
[==========] 2 tests from 1 test suite ran. (0 ms total)
[  PASSED  ] 2 tests.
<end of output>
Test time =   0.00 sec
----------------------------------------------------------
Test Passed.
"AllTests" end time: Dec 31 20:37 EST
"AllTests" time elapsed: 00:00:00
----------------------------------------------------------

End testing: Dec 31 20:37 EST
