Start testing: Dec 31 17:07 EST
----------------------------------------------------------
1/1 Testing: AllTests
1/1 Test: AllTests
Command: "/home/erik/VirtualRouter/build/bin/AllTests"
Directory: /home/erik/VirtualRouter/build
"AllTests" start time: Dec 31 17:07 EST
Output:
----------------------------------------------------------
Configuring router: R1
Disconnected from Telnet session.
Error configuring router R1: Failed to connect to server.
Configuring router: R2
Disconnected from Telnet session.
Error configuring router R2: Failed to connect to server.
Configuring router: R3
Disconnected from Telnet session.
Error configuring router R3: Failed to connect to server.
Configuring router: R4
Disconnected from Telnet session.
Error configuring router R4: Failed to connect to server.
Configuring router: R5
Disconnected from Telnet session.
Error configuring router R5: Failed to connect to server.
Configuring router: R6
Disconnected from Telnet session.
Error configuring router R6: Failed to connect to server.
Configuring router: R7
Disconnected from Telnet session.
Error configuring router R7: Failed to connect to server.
Configuring router: R8
Disconnected from Telnet session.
Error configuring router R8: Failed to connect to server.
Configuring router: R9
Disconnected from Telnet session.
Error configuring router R9: Failed to connect to server.
Configuring router: R10
Disconnected from Telnet session.
Error configuring router R10: Failed to connect to server.
Configuring router: R11
Disconnected from Telnet session.
Error configuring router R11: Failed to connect to server.
Configuring router: R12
Disconnected from Telnet session.
Error configuring router R12: Failed to connect to server.
Configuring router: R13
Disconnected from Telnet session.
Error configuring router R13: Failed to connect to server.
Configuring router: R14
Disconnected from Telnet session.
Error configuring router R14: Failed to connect to server.
Configuring router: R15
Disconnected from Telnet session.
Error configuring router R15: Failed to connect to server.
All routers have been configured successfully!
<end of output>
Test time =   0.01 sec
----------------------------------------------------------
Test Passed.
"AllTests" end time: Dec 31 17:07 EST
"AllTests" time elapsed: 00:00:00
----------------------------------------------------------

End testing: Dec 31 17:07 EST
