<?xml version="1.0" encoding="UTF-8"?>
<Site BuildName="(empty)"
	BuildStamp="20241231-2205-Experimental"
	Name="(empty)"
	Generator="ctest-3.28.3"
	CompilerName=""
	CompilerVersion=""
	OSName="Linux"
	Hostname="erik-Vivobook"
	OSRelease="6.8.0-49-generic"
	OSVersion="#49-Ubuntu SMP PREEMPT_DYNAMIC Mon Nov  4 02:06:24 UTC 2024"
	OSPlatform="x86_64"
	Is64Bits="1"
	VendorString="GenuineIntel"
	VendorID="Intel Corporation"
	FamilyID="6"
	ModelID="186"
	ProcessorCacheSize="24576"
	NumberOfLogicalCPU="20"
	NumberOfPhysicalCPU="14"
	TotalVirtualMemory="8191"
	TotalPhysicalMemory="31718"
	LogicalProcessorsPerPhysical="1"
	ProcessorClockFrequency="400.15"
	>
	<Testing>
		<StartDateTime>Dec 31 17:07 EST</StartDateTime>
		<StartTestTime>1735682825</StartTestTime>
		<TestList>
			<Test>./AllTests</Test>
		</TestList>
		<Test Status="passed">
			<Name>AllTests</Name>
			<Path>.</Path>
			<FullName>./AllTests</FullName>
			<FullCommandLine>/home/erik/VirtualRouter/build/bin/AllTests</FullCommandLine>
			<Results>
				<NamedMeasurement type="numeric/double" name="Execution Time">
					<Value>0.00983522</Value>
				</NamedMeasurement>
				<NamedMeasurement type="numeric/double" name="Processors">
					<Value>1</Value>
				</NamedMeasurement>
				<NamedMeasurement type="text/string" name="Completion Status">
					<Value>Completed</Value>
				</NamedMeasurement>
				<NamedMeasurement type="text/string" name="Command Line">
					<Value>/home/erik/VirtualRouter/build/bin/AllTests</Value>
				</NamedMeasurement>
				<NamedMeasurement type="text/string" name="Environment">
					<Value>#CTEST_RESOURCE_GROUP_COUNT=</Value>
				</NamedMeasurement>
				<Measurement>
					<Value encoding="base64" compression="gzip">eJylzT1uwzAMhuFdp/hOIDSO87sm7QGKbEUHV6ZjAY4YkHTa3r4K2q2ZpI0D3+85cBrieZaYzhCejWSP14U7Rg2cEgWjHoPwBSeaEhmUVCMn755FWBD+5bne46WLUw6N8bdyP5XkRuLd4RHZVJFNCbmsIpclZFtFtiXkqopclZDrKnJdQm6qyE0Jua0ityXkrorcPSK99+7tNEbFtRMDD7CRYKT5nu06Gz47hdCFbznUmAIhGugrEPX6+zwK6chTf68XT02Lj+884N/dD1JAkd8=</Value>
				</Measurement>
			</Results>
		</Test>
		<EndDateTime>Dec 31 17:07 EST</EndDateTime>
		<EndTestTime>1735682825</EndTestTime>
		<ElapsedMinutes>0</ElapsedMinutes>
	</Testing>
</Site>
